INFO:     127.0.0.1:60887 - "GET /api/health HTTP/1.1" 200 OK
INFO:     58.246.203.154:0 - "GET / HTTP/1.1" 200 OK
INFO:     58.246.203.154:0 - "GET /dashboard-assets/styles.css HTTP/1.1" 200 OK
INFO:     58.246.203.154:0 - "GET /dashboard-assets/app.js HTTP/1.1" 200 OK
INFO:     58.246.203.154:0 - "GET /favicon.ico HTTP/1.1" 404 Not Found
INFO:     2605:52c0:1:fa6:3c63:4bff:fe34:f29:0 - "GET / HTTP/1.1" 200 OK
INFO:     2605:52c0:1:fa6:3c63:4bff:fe34:f29:0 - "GET /dashboard-assets/app.js HTTP/1.1" 200 OK
INFO:     2605:52c0:1:fa6:3c63:4bff:fe34:f29:0 - "GET /dashboard-assets/styles.css HTTP/1.1" 200 OK
INFO:     2605:52c0:1:fa6:3c63:4bff:fe34:f29:0 - "POST /api/auth/login HTTP/1.1" 200 OK
INFO:     2605:52c0:1:fa6:3c63:4bff:fe34:f29:0 - "GET /api/users/list HTTP/1.1" 200 OK
INFO:     2605:52c0:1:fa6:3c63:4bff:fe34:f29:0 - "GET /api/edge/nodes HTTP/1.1" 200 OK
INFO:     2605:52c0:1:fa6:3c63:4bff:fe34:f29:0 - "GET /api/reports?limit=50 HTTP/1.1" 200 OK
INFO:     2605:52c0:1:fa6:3c63:4bff:fe34:f29:0 - "GET /api/alerts/active HTTP/1.1" 200 OK
INFO:     2605:52c0:1:fa6:3c63:4bff:fe34:f29:0 - "GET /api/alerts/active HTTP/1.1" 200 OK
INFO:     2605:52c0:1:fa6:3c63:4bff:fe34:f29:0 - "GET /api/status/latest HTTP/1.1" 200 OK
INFO:     2605:52c0:1:fa6:3c63:4bff:fe34:f29:0 - "GET /api/records?page=1&page_size=8 HTTP/1.1" 200 OK
INFO:     2605:52c0:1:fa6:3c63:4bff:fe34:f29:0 - "GET /images/atlas_01_20260618155256.jpg HTTP/1.1" 200 OK
INFO:     2605:52c0:1:fa6:3c63:4bff:fe34:f29:0 - "GET /api/devices HTTP/1.1" 200 OK
INFO:     2605:52c0:1:fa6:3c63:4bff:fe34:f29:0 - "GET /api/reports?limit=20 HTTP/1.1" 200 OK
INFO:     2605:52c0:1:fa6:3c63:4bff:fe34:f29:0 - "GET /api/edge/nodes HTTP/1.1" 200 OK
INFO:     2605:52c0:1:fa6:3c63:4bff:fe34:f29:0 - "GET /api/users/list HTTP/1.1" 200 OK
INFO:     2605:52c0:1:fa6:3c63:4bff:fe34:f29:0 - "GET /api/alerts/active HTTP/1.1" 200 OK
INFO:     2605:52c0:1:fa6:3c63:4bff:fe34:f29:0 - "GET /api/edge/nodes HTTP/1.1" 200 OK
INFO:     2605:52c0:1:fa6:3c63:4bff:fe34:f29:0 - "GET /api/reports?limit=50 HTTP/1.1" 200 OK
INFO:     2605:52c0:1:fa6:3c63:4bff:fe34:f29:0 - "GET /api/status/latest HTTP/1.1" 200 OK
INFO:     2605:52c0:1:fa6:3c63:4bff:fe34:f29:0 - "GET /api/records?page=1&page_size=8 HTTP/1.1" 200 OK
INFO:     2605:52c0:1:fa6:3c63:4bff:fe34:f29:0 - "GET /api/alerts/active HTTP/1.1" 200 OK
INFO:     2605:52c0:1:fa6:3c63:4bff:fe34:f29:0 - "GET /api/reports?limit=20 HTTP/1.1" 200 OK
INFO:     2605:52c0:1:fa6:3c63:4bff:fe34:f29:0 - "GET /api/devices HTTP/1.1" 200 OK
INFO:     2605:52c0:1:fa6:3c63:4bff:fe34:f29:0 - "POST /api/auth/login HTTP/1.1" 200 OK
INFO:     2605:52c0:1:fa6:3c63:4bff:fe34:f29:0 - "GET /api/status/latest HTTP/1.1" 200 OK
INFO:     2605:52c0:1:fa6:3c63:4bff:fe34:f29:0 - "GET /api/records?page=1&page_size=8 HTTP/1.1" 200 OK
INFO:     2605:52c0:1:fa6:3c63:4bff:fe34:f29:0 - "GET /api/alerts/active HTTP/1.1" 200 OK
INFO:     2605:52c0:1:fa6:3c63:4bff:fe34:f29:0 - "GET /api/reports?limit=20 HTTP/1.1" 200 OK
INFO:     2605:52c0:1:fa6:3c63:4bff:fe34:f29:0 - "GET /api/devices HTTP/1.1" 200 OK
INFO:     2605:52c0:1:fa6:3c63:4bff:fe34:f29:0 - "GET /api/edge/nodes HTTP/1.1" 200 OK
INFO:     2605:52c0:1:fa6:3c63:4bff:fe34:f29:0 - "POST /api/auth/login HTTP/1.1" 200 OK
INFO:     2605:52c0:1:fa6:3c63:4bff:fe34:f29:0 - "GET /api/devices HTTP/1.1" 200 OK
INFO:     2605:52c0:1:fa6:3c63:4bff:fe34:f29:0 - "GET /api/records?page=1&page_size=30 HTTP/1.1" 200 OK
INFO:     2605:52c0:1:fa6:3c63:4bff:fe34:f29:0 - "POST /api/agent/chat HTTP/1.1" 200 OK
INFO:     2605:52c0:1:fa6:3c63:4bff:fe34:f29:0 - "POST /api/auth/login HTTP/1.1" 200 OK
INFO:     2605:52c0:1:fa6:3c63:4bff:fe34:f29:0 - "GET /api/users/list HTTP/1.1" 200 OK
INFO:     2605:52c0:1:fa6:3c63:4bff:fe34:f29:0 - "GET /api/reports?limit=50 HTTP/1.1" 200 OK
INFO:     2605:52c0:1:fa6:3c63:4bff:fe34:f29:0 - "GET /api/edge/nodes HTTP/1.1" 200 OK
INFO:     2605:52c0:1:fa6:3c63:4bff:fe34:f29:0 - "GET /api/alerts/active HTTP/1.1" 200 OK
INFO:     2605:52c0:1:fa6:3c63:4bff:fe34:f29:0 - "GET /api/alerts/active HTTP/1.1" 200 OK
INFO:     2605:52c0:1:fa6:3c63:4bff:fe34:f29:0 - "GET /api/status/latest HTTP/1.1" 200 OK
INFO:     2605:52c0:1:fa6:3c63:4bff:fe34:f29:0 - "GET /api/records?page=1&page_size=8 HTTP/1.1" 200 OK
INFO:     2605:52c0:1:fa6:3c63:4bff:fe34:f29:0 - "GET /api/reports?limit=20 HTTP/1.1" 200 OK
INFO:     2605:52c0:1:fa6:3c63:4bff:fe34:f29:0 - "GET /api/devices HTTP/1.1" 200 OK
